mzb-phone-app-android/mzbemployeeapp/build/outputs/logs/manifest-merger-debug-report.txt
-- Merging decision tree log ---
manifest
ADDED from src/main/AndroidManifest.xml:2:1-241:12
	xmlns:android
		ADDED from src/main/AndroidManifest.xml:2:11-69
	package
		ADDED from src/main/AndroidManifest.xml:3:5-37
		INJECTED from src/main/AndroidManifest.xml
		INJECTED from src/main/AndroidManifest.xml
	android:versionName
		INJECTED from src/main/AndroidManifest.xml
		INJECTED from src/main/AndroidManifest.xml
	android:versionCode
		INJECTED from src/main/AndroidManifest.xml
		INJECTED from src/main/AndroidManifest.xml
application
ADDED from src/main/AndroidManifest.xml:6:5-184:19
MERGED from [com.android.support:appcompat-v7:23.0.1] AndroidManifest.xml:22:5-20
MERGED from [com.android.support:support-v4:23.0.1] AndroidManifest.xml:22:5-20
MERGED from [mzb-phone-app-android:circleimageview:unspecified] AndroidManifest.xml:9:5-20
MERGED from [mzb-phone-app-android:pulltorefresh:unspecified] AndroidManifest.xml:11:5-14:19
MERGED from [com.android.support:appcompat-v7:23.0.1] AndroidManifest.xml:22:5-20
MERGED from [com.android.support:support-v4:23.0.1] AndroidManifest.xml:22:5-20
	android:supportsRtl
		ADDED from src/main/AndroidManifest.xml:11:9-35
	android:label
		ADDED from src/main/AndroidManifest.xml:10:9-41
	android:allowBackup
		ADDED from src/main/AndroidManifest.xml:8:9-35
	android:icon
		ADDED from src/main/AndroidManifest.xml:9:9-37
	android:theme
		ADDED from src/main/AndroidManifest.xml:12:9-43
	android:name
		ADDED from src/main/AndroidManifest.xml:7:9-73
activity#com.xem.mzbemployeeapp.activity.SplashAty
ADDED from src/main/AndroidManifest.xml:13:9-18:20
	android:name
		ADDED from src/main/AndroidManifest.xml:13:19-75
intent-filter#android.intent.action.MAIN+android.intent.category.LAUNCHER
ADDED from src/main/AndroidManifest.xml:14:13-17:29
action#android.intent.action.MAIN
ADDED from src/main/AndroidManifest.xml:15:17-69
	android:name
		ADDED from src/main/AndroidManifest.xml:15:25-66
category#android.intent.category.LAUNCHER
ADDED from src/main/AndroidManifest.xml:16:17-77
	android:name
		ADDED from src/main/AndroidManifest.xml:16:27-74
activity#com.xem.mzbemployeeapp.activity.B0_InfoAty
ADDED from src/main/AndroidManifest.xml:19:9-79
	android:name
		ADDED from src/main/AndroidManifest.xml:19:19-76
activity#com.xem.mzbemployeeapp.activity.E2_CommPerfBranchAty_News
ADDED from src/main/AndroidManifest.xml:20:9-94
	android:name
		ADDED from src/main/AndroidManifest.xml:20:19-91
activity#com.xem.mzbemployeeapp.activity.E2_StoreFatisfyAty_New
ADDED from src/main/AndroidManifest.xml:21:9-91
	android:name
		ADDED from src/main/AndroidManifest.xml:21:19-88
activity#com.xem.mzbemployeeapp.activity.E3_CommPerfEmployeeAty_New
ADDED from src/main/AndroidManifest.xml:22:9-95
	android:name
		ADDED from src/main/AndroidManifest.xml:22:19-92
activity#com.xem.mzbemployeeapp.activity.E2_CommPerfBranchAty_New
ADDED from src/main/AndroidManifest.xml:23:9-93
	android:name
		ADDED from src/main/AndroidManifest.xml:23:19-90
activity#com.xem.mzbemployeeapp.activity.A0_ResetPwdActivity
ADDED from src/main/AndroidManifest.xml:24:9-88
	android:name
		ADDED from src/main/AndroidManifest.xml:24:19-85
activity#com.xem.mzbemployeeapp.activity.A0_FindPwdActivity
ADDED from src/main/AndroidManifest.xml:25:9-87
	android:name
		ADDED from src/main/AndroidManifest.xml:25:19-84
activity#com.xem.mzbemployeeapp.activity.A0_SettingPwdActivity
ADDED from src/main/AndroidManifest.xml:26:9-90
	android:name
		ADDED from src/main/AndroidManifest.xml:26:19-87
activity#com.xem.mzbemployeeapp.activity.A0_HeadPortraitAty
ADDED from src/main/AndroidManifest.xml:27:9-87
	android:name
		ADDED from src/main/AndroidManifest.xml:27:19-84
activity#com.xem.mzbemployeeapp.activity.B1_ProfileInfoActivity
ADDED from src/main/AndroidManifest.xml:28:9-91
	android:name
		ADDED from src/main/AndroidManifest.xml:28:19-88
activity#com.xem.mzbemployeeapp.activity.A0_ModifyPwdActivity
ADDED from src/main/AndroidManifest.xml:29:9-89
	android:name
		ADDED from src/main/AndroidManifest.xml:29:19-86
activity#com.xem.mzbemployeeapp.activity.B1_OpinionFeedbackActivity
ADDED from src/main/AndroidManifest.xml:30:9-95
	android:name
		ADDED from src/main/AndroidManifest.xml:30:19-92
activity#com.xem.mzbemployeeapp.activity.B1_AboutUsActivity
ADDED from src/main/AndroidManifest.xml:31:9-87
	android:name
		ADDED from src/main/AndroidManifest.xml:31:19-84
activity#com.xem.mzbemployeeapp.activity.B1_SettingActivity
ADDED from src/main/AndroidManifest.xml:32:9-87
	android:name
		ADDED from src/main/AndroidManifest.xml:32:19-84
activity#com.xem.mzbemployeeapp.activity.A0_ExpAty
ADDED from src/main/AndroidManifest.xml:33:9-78
	android:name
		ADDED from src/main/AndroidManifest.xml:33:19-75
activity#com.xem.mzbemployeeapp.activity.B0_ProfileActivity
ADDED from src/main/AndroidManifest.xml:34:9-87
	android:name
		ADDED from src/main/AndroidManifest.xml:34:19-84
activity#com.xem.mzbemployeeapp.activity.ArticleActivity
ADDED from src/main/AndroidManifest.xml:35:9-84
	android:name
		ADDED from src/main/AndroidManifest.xml:35:19-81
activity#com.xem.mzbemployeeapp.activity.A0_RegisterActivity
ADDED from src/main/AndroidManifest.xml:36:9-88
	android:name
		ADDED from src/main/AndroidManifest.xml:36:19-85
activity#com.xem.mzbemployeeapp.activity.LoginOrRegActivity
ADDED from src/main/AndroidManifest.xml:37:9-87
	android:name
		ADDED from src/main/AndroidManifest.xml:37:19-84
activity#com.xem.mzbemployeeapp.activity.ExperienceActivity
ADDED from src/main/AndroidManifest.xml:38:9-87
	android:name
		ADDED from src/main/AndroidManifest.xml:38:19-84
activity#com.xem.mzbemployeeapp.activity.HomeActivity
ADDED from src/main/AndroidManifest.xml:39:9-80
	android:name
		ADDED from src/main/AndroidManifest.xml:39:19-78
activity#com.xem.mzbemployeeapp.activity.A0_LoginAty
ADDED from src/main/AndroidManifest.xml:40:9-80
	android:name
		ADDED from src/main/AndroidManifest.xml:40:19-77
activity#com.xem.mzbemployeeapp.activity.E0_EmployeeBindAty
ADDED from src/main/AndroidManifest.xml:41:9-87
	android:name
		ADDED from src/main/AndroidManifest.xml:41:19-84
activity#com.xem.mzbemployeeapp.activity.E0_InfoAty
ADDED from src/main/AndroidManifest.xml:42:9-79
	android:name
		ADDED from src/main/AndroidManifest.xml:42:19-76
activity#com.xem.mzbemployeeapp.activity.E1_EmployeeNewsAty
ADDED from src/main/AndroidManifest.xml:43:9-87
	android:name
		ADDED from src/main/AndroidManifest.xml:43:19-84
activity#com.xem.mzbemployeeapp.activity.E1_CommSelectAty
ADDED from src/main/AndroidManifest.xml:44:9-85
	android:name
		ADDED from src/main/AndroidManifest.xml:44:19-82
activity#com.xem.mzbemployeeapp.activity.E1_CommPerfPpAty
ADDED from src/main/AndroidManifest.xml:45:9-85
	android:name
		ADDED from src/main/AndroidManifest.xml:45:19-82
activity#com.xem.mzbemployeeapp.activity.E2_BrandServicetppAty
ADDED from src/main/AndroidManifest.xml:46:9-90
	android:name
		ADDED from src/main/AndroidManifest.xml:46:19-87
activity#com.xem.mzbemployeeapp.activity.E2_OrderQueryAty
ADDED from src/main/AndroidManifest.xml:47:9-85
	android:name
		ADDED from src/main/AndroidManifest.xml:47:19-82
activity#com.xem.mzbemployeeapp.activity.E2_TodayServiceCheckAty
ADDED from src/main/AndroidManifest.xml:48:9-92
	android:name
		ADDED from src/main/AndroidManifest.xml:48:19-89
activity#com.xem.mzbemployeeapp.activity.E2_StoreOrderQueryAty
ADDED from src/main/AndroidManifest.xml:49:9-90
	android:name
		ADDED from src/main/AndroidManifest.xml:49:19-87
activity#com.xem.mzbemployeeapp.activity.E2_StoreFatisfyAty
ADDED from src/main/AndroidManifest.xml:50:9-87
	android:name
		ADDED from src/main/AndroidManifest.xml:50:19-84
activity#com.xem.mzbemployeeapp.activity.E2_CommPerfBranchAty
ADDED from src/main/AndroidManifest.xml:51:9-89
	android:name
		ADDED from src/main/AndroidManifest.xml:51:19-86
activity#com.xem.mzbemployeeapp.activity.E3_ServicedoneDetailAty
ADDED from src/main/AndroidManifest.xml:52:9-92
	android:name
		ADDED from src/main/AndroidManifest.xml:52:19-89
activity#com.xem.mzbemployeeapp.activity.E3_ServiceingDetailAty
ADDED from src/main/AndroidManifest.xml:53:9-91
	android:name
		ADDED from src/main/AndroidManifest.xml:53:19-88
activity#com.xem.mzbemployeeapp.activity.E3_ServicetodoDetailAty
ADDED from src/main/AndroidManifest.xml:54:9-92
	android:name
		ADDED from src/main/AndroidManifest.xml:54:19-89
activity#com.xem.mzbemployeeapp.activity.E3_CommPerfEmployeeAty
ADDED from src/main/AndroidManifest.xml:55:9-91
	android:name
		ADDED from src/main/AndroidManifest.xml:55:19-88
activity#com.xem.mzbemployeeapp.activity.E3_Add137ManagerAty
ADDED from src/main/AndroidManifest.xml:56:9-88
	android:name
		ADDED from src/main/AndroidManifest.xml:56:19-85
activity#com.xem.mzbemployeeapp.activity.NotificationAty
ADDED from src/main/AndroidManifest.xml:57:9-84
	android:name
		ADDED from src/main/AndroidManifest.xml:57:19-81
activity#com.xem.mzbemployeeapp.activity.WebviewAty
ADDED from src/main/AndroidManifest.xml:58:9-79
	android:name
		ADDED from src/main/AndroidManifest.xml:58:19-76
activity#com.xem.mzbemployeeapp.activity.E2_Client137ManagerAty
ADDED from src/main/AndroidManifest.xml:59:9-91
	android:name
		ADDED from src/main/AndroidManifest.xml:59:19-88
activity#com.xem.mzbemployeeapp.activity.E3_ManagerDetailAty
ADDED from src/main/AndroidManifest.xml:60:9-87
	android:name
		ADDED from src/main/AndroidManifest.xml:60:19-85
activity#com.xem.mzbemployeeapp.activity.CommWriteAty
ADDED from src/main/AndroidManifest.xml:61:9-81
	android:name
		ADDED from src/main/AndroidManifest.xml:61:19-78
activity#com.xem.mzbemployeeapp.activity.E3_Manager137ModifyAty
ADDED from src/main/AndroidManifest.xml:62:9-91
	android:name
		ADDED from src/main/AndroidManifest.xml:62:19-88
activity#com.xem.mzbemployeeapp.activity.E3_AddclientAty
ADDED from src/main/AndroidManifest.xml:63:9-84
	android:name
		ADDED from src/main/AndroidManifest.xml:63:19-81
activity#com.xem.mzbemployeeapp.activity.E1_EmployeeMoreAty
ADDED from src/main/AndroidManifest.xml:64:9-87
	android:name
		ADDED from src/main/AndroidManifest.xml:64:19-84
activity#com.xem.mzbemployeeapp.activity.E1_ModifyPwdEmployeeAty
ADDED from src/main/AndroidManifest.xml:65:9-92
	android:name
		ADDED from src/main/AndroidManifest.xml:65:19-89
activity#com.xem.mzbemployeeapp.activity.DialogActivity
ADDED from src/main/AndroidManifest.xml:66:9-68:75
	android:theme
		ADDED from src/main/AndroidManifest.xml:68:13-72
	android:name
		ADDED from src/main/AndroidManifest.xml:67:13-74
activity#com.xem.mzbemployeeapp.activity.Dialog137Activity
ADDED from src/main/AndroidManifest.xml:69:9-71:75
	android:theme
		ADDED from src/main/AndroidManifest.xml:71:13-72
	android:name
		ADDED from src/main/AndroidManifest.xml:70:13-77
activity#com.mob.tools.MobUIShell
ADDED from src/main/AndroidManifest.xml:72:9-80:20
	android:windowSoftInputMode
		ADDED from src/main/AndroidManifest.xml:76:13-67
	android:configChanges
		ADDED from src/main/AndroidManifest.xml:74:13-74
	android:theme
		ADDED from src/main/AndroidManifest.xml:75:13-72
	android:name
		ADDED from src/main/AndroidManifest.xml:73:13-52
meta-data#AuthorizeAdapter
ADDED from src/main/AndroidManifest.xml:77:13-79:68
	android:name
		ADDED from src/main/AndroidManifest.xml:78:17-48
	android:value
		ADDED from src/main/AndroidManifest.xml:79:17-65
service#cn.jpush.android.service.PushService
ADDED from src/main/AndroidManifest.xml:86:9-96:19
	android:exported
		ADDED from src/main/AndroidManifest.xml:89:13-37
	android:enabled
		ADDED from src/main/AndroidManifest.xml:88:13-35
	android:name
		ADDED from src/main/AndroidManifest.xml:87:13-64
intent-filter#cn.jpush.android.intent.PUSH_TIME+cn.jpush.android.intent.PushService+cn.jpush.android.intent.REGISTER+cn.jpush.android.intent.REPORT
ADDED from src/main/AndroidManifest.xml:90:13-95:29
action#cn.jpush.android.intent.REGISTER
ADDED from src/main/AndroidManifest.xml:91:17-75
	android:name
		ADDED from src/main/AndroidManifest.xml:91:25-72
action#cn.jpush.android.intent.REPORT
ADDED from src/main/AndroidManifest.xml:92:17-73
	android:name
		ADDED from src/main/AndroidManifest.xml:92:25-70
action#cn.jpush.android.intent.PushService
ADDED from src/main/AndroidManifest.xml:93:17-78
	android:name
		ADDED from src/main/AndroidManifest.xml:93:25-75
action#cn.jpush.android.intent.PUSH_TIME
ADDED from src/main/AndroidManifest.xml:94:17-76
	android:name
		ADDED from src/main/AndroidManifest.xml:94:25-73
service#cn.jpush.android.service.DaemonService
ADDED from src/main/AndroidManifest.xml:99:9-107:19
	android:exported
		ADDED from src/main/AndroidManifest.xml:102:13-36
	android:enabled
		ADDED from src/main/AndroidManifest.xml:101:13-35
	android:name
		ADDED from src/main/AndroidManifest.xml:100:13-66
intent-filter#cn.jpush.android.intent.DaemonService+com.xem.mzbemployeeapp
ADDED from src/main/AndroidManifest.xml:103:13-106:29
action#cn.jpush.android.intent.DaemonService
ADDED from src/main/AndroidManifest.xml:104:17-80
	android:name
		ADDED from src/main/AndroidManifest.xml:104:25-77
category#com.xem.mzbemployeeapp
ADDED from src/main/AndroidManifest.xml:105:17-66
	android:name
		ADDED from src/main/AndroidManifest.xml:105:27-64
receiver#cn.jpush.android.service.PushReceiver
ADDED from src/main/AndroidManifest.xml:110:9-130:20
	android:enabled
		ADDED from src/main/AndroidManifest.xml:112:13-35
	android:name
		ADDED from src/main/AndroidManifest.xml:111:13-65
intent-filter#cn.jpush.android.intent.NOTIFICATION_RECEIVED_PROXY+com.xem.mzbemployeeapp
ADDED from src/main/AndroidManifest.xml:113:13-118:29
	android:priority
		ADDED from src/main/AndroidManifest.xml:113:28-51
action#cn.jpush.android.intent.NOTIFICATION_RECEIVED_PROXY
ADDED from src/main/AndroidManifest.xml:114:17-94
	android:name
		ADDED from src/main/AndroidManifest.xml:114:25-91
intent-filter#android.intent.action.USER_PRESENT+android.net.conn.CONNECTIVITY_CHANGE
ADDED from src/main/AndroidManifest.xml:120:13-123:29
action#android.intent.action.USER_PRESENT
ADDED from src/main/AndroidManifest.xml:121:17-77
	android:name
		ADDED from src/main/AndroidManifest.xml:121:25-74
action#android.net.conn.CONNECTIVITY_CHANGE
ADDED from src/main/AndroidManifest.xml:122:17-79
	android:name
		ADDED from src/main/AndroidManifest.xml:122:25-76
intent-filter#android.intent.action.PACKAGE_ADDED+android.intent.action.PACKAGE_REMOVED
ADDED from src/main/AndroidManifest.xml:124:13-129:29
action#android.intent.action.PACKAGE_ADDED
ADDED from src/main/AndroidManifest.xml:125:17-78
	android:name
		ADDED from src/main/AndroidManifest.xml:125:25-75
action#android.intent.action.PACKAGE_REMOVED
ADDED from src/main/AndroidManifest.xml:126:17-80
	android:name
		ADDED from src/main/AndroidManifest.xml:126:25-77
data
ADDED from src/main/AndroidManifest.xml:128:17-50
	android:scheme
		ADDED from src/main/AndroidManifest.xml:128:23-47
activity#cn.jpush.android.ui.PushActivity
ADDED from src/main/AndroidManifest.xml:132:9-142:20
	android:configChanges
		ADDED from src/main/AndroidManifest.xml:134:13-63
	android:theme
		ADDED from src/main/AndroidManifest.xml:135:13-72
	android:name
		ADDED from src/main/AndroidManifest.xml:133:13-60
intent-filter#android.intent.category.DEFAULT+cn.jpush.android.ui.PushActivity+com.xem.mzbemployeeapp
ADDED from src/main/AndroidManifest.xml:136:13-141:29
action#cn.jpush.android.ui.PushActivity
ADDED from src/main/AndroidManifest.xml:137:17-75
	android:name
		ADDED from src/main/AndroidManifest.xml:137:25-72
category#android.intent.category.DEFAULT
ADDED from src/main/AndroidManifest.xml:139:17-76
	android:name
		ADDED from src/main/AndroidManifest.xml:139:27-73
service#cn.jpush.android.service.DownloadService
ADDED from src/main/AndroidManifest.xml:145:9-148:40
	android:exported
		ADDED from src/main/AndroidManifest.xml:148:13-37
	android:enabled
		ADDED from src/main/AndroidManifest.xml:147:13-35
	android:name
		ADDED from src/main/AndroidManifest.xml:146:13-68
receiver#cn.jpush.android.service.AlarmReceiver
ADDED from src/main/AndroidManifest.xml:151:9-75
	android:name
		ADDED from src/main/AndroidManifest.xml:151:19-72
receiver#com.xem.mzbemployeeapp.receiver.MzbReceiver
ADDED from src/main/AndroidManifest.xml:154:9-173:20
	android:enabled
		ADDED from src/main/AndroidManifest.xml:156:13-35
	android:name
		ADDED from src/main/AndroidManifest.xml:155:13-71
intent-filter#cn.jpush.android.intent.ACTION_RICHPUSH_CALLBACK+cn.jpush.android.intent.CONNECTION+cn.jpush.android.intent.MESSAGE_RECEIVED+cn.jpush.android.intent.NOTIFICATION_OPENED+cn.jpush.android.intent.NOTIFICATION_RECEIVED+cn.jpush.android.intent.REGISTRATION+cn.jpush.android.intent.UNREGISTRATION+com.xem.mzbemployeeapp
ADDED from src/main/AndroidManifest.xml:157:13-172:29
action#cn.jpush.android.intent.REGISTRATION
ADDED from src/main/AndroidManifest.xml:158:17-79
	android:name
		ADDED from src/main/AndroidManifest.xml:158:25-76
action#cn.jpush.android.intent.UNREGISTRATION
ADDED from src/main/AndroidManifest.xml:160:17-81
	android:name
		ADDED from src/main/AndroidManifest.xml:160:25-78
action#cn.jpush.android.intent.MESSAGE_RECEIVED
ADDED from src/main/AndroidManifest.xml:161:17-83
	android:name
		ADDED from src/main/AndroidManifest.xml:161:25-80
action#cn.jpush.android.intent.NOTIFICATION_RECEIVED
ADDED from src/main/AndroidManifest.xml:163:17-88
	android:name
		ADDED from src/main/AndroidManifest.xml:163:25-85
action#cn.jpush.android.intent.NOTIFICATION_OPENED
ADDED from src/main/AndroidManifest.xml:165:17-86
	android:name
		ADDED from src/main/AndroidManifest.xml:165:25-83
action#cn.jpush.android.intent.ACTION_RICHPUSH_CALLBACK
ADDED from src/main/AndroidManifest.xml:167:17-91
	android:name
		ADDED from src/main/AndroidManifest.xml:167:25-88
action#cn.jpush.android.intent.CONNECTION
ADDED from src/main/AndroidManifest.xml:169:17-77
	android:name
		ADDED from src/main/AndroidManifest.xml:169:25-74
meta-data#JPUSH_CHANNEL
ADDED from src/main/AndroidManifest.xml:176:9-178:49
	android:name
		ADDED from src/main/AndroidManifest.xml:177:13-41
	android:value
		ADDED from src/main/AndroidManifest.xml:178:13-46
meta-data#JPUSH_APPKEY
ADDED from src/main/AndroidManifest.xml:179:9-181:56
	android:name
		ADDED from src/main/AndroidManifest.xml:180:13-40
	android:value
		ADDED from src/main/AndroidManifest.xml:181:13-53
permission#com.xem.mzbemployeeapp.permission.JPUSH_MESSAGE
ADDED from src/main/AndroidManifest.xml:187:5-189:47
	android:protectionLevel
		ADDED from src/main/AndroidManifest.xml:189:9-44
	android:name
		ADDED from src/main/AndroidManifest.xml:188:9-71
uses-permission#com.xem.mzbemployeeapp.permission.JPUSH_MESSAGE
ADDED from src/main/AndroidManifest.xml:192:5-87
	android:name
		ADDED from src/main/AndroidManifest.xml:192:22-84
uses-permission#android.permission.RECEIVE_USER_PRESENT
ADDED from src/main/AndroidManifest.xml:193:5-79
	android:name
		ADDED from src/main/AndroidManifest.xml:193:22-76
uses-permission#android.permission.INTERNET
ADDED from src/main/AndroidManifest.xml:194:5-67
	android:name
		ADDED from src/main/AndroidManifest.xml:194:22-64
uses-permission#android.permission.WAKE_LOCK
ADDED from src/main/AndroidManifest.xml:195:5-68
	android:name
		ADDED from src/main/AndroidManifest.xml:195:22-65
uses-permission#android.permission.READ_PHONE_STATE
ADDED from src/main/AndroidManifest.xml:196:5-75
	android:name
		ADDED from src/main/AndroidManifest.xml:196:22-72
uses-permission#android.permission.WRITE_EXTERNAL_STORAGE
ADDED from src/main/AndroidManifest.xml:197:5-81
	android:name
		ADDED from src/main/AndroidManifest.xml:197:22-78
uses-permission#android.permission.READ_EXTERNAL_STORAGE
ADDED from src/main/AndroidManifest.xml:198:5-80
	android:name
		ADDED from src/main/AndroidManifest.xml:198:22-77
uses-permission#android.permission.WRITE_SETTINGS
ADDED from src/main/AndroidManifest.xml:199:5-73
	android:name
		ADDED from src/main/AndroidManifest.xml:199:22-70
uses-permission#android.permission.VIBRATE
ADDED from src/main/AndroidManifest.xml:200:5-66
	android:name
		ADDED from src/main/AndroidManifest.xml:200:22-63
uses-permission#android.permission.MOUNT_UNMOUNT_FILESYSTEMS
ADDED from src/main/AndroidManifest.xml:201:5-84
	android:name
		ADDED from src/main/AndroidManifest.xml:201:22-81
uses-permission#android.permission.ACCESS_NETWORK_STATE
ADDED from src/main/AndroidManifest.xml:202:5-79
	android:name
		ADDED from src/main/AndroidManifest.xml:202:22-76
uses-permission#android.permission.SYSTEM_ALERT_WINDOW
ADDED from src/main/AndroidManifest.xml:203:5-78
	android:name
		ADDED from src/main/AndroidManifest.xml:203:22-75
uses-permission#android.permission.READ_SMS
ADDED from src/main/AndroidManifest.xml:204:5-67
	android:name
		ADDED from src/main/AndroidManifest.xml:204:22-64
uses-permission#android.permission.CAMERA
ADDED from src/main/AndroidManifest.xml:207:5-65
	android:name
		ADDED from src/main/AndroidManifest.xml:207:22-62
uses-feature#android.hardware.camera
ADDED from src/main/AndroidManifest.xml:209:5-60
	android:name
		ADDED from src/main/AndroidManifest.xml:209:19-57
uses-feature#android.hardware.camera.autofocus
ADDED from src/main/AndroidManifest.xml:210:5-70
	android:name
		ADDED from src/main/AndroidManifest.xml:210:19-67
uses-permission#android.permission.CALL_PHONE
ADDED from src/main/AndroidManifest.xml:211:5-70
	android:name
		ADDED from src/main/AndroidManifest.xml:211:23-67
uses-permission#android.permission.ACCESS_COARSE_LOCATION
ADDED from src/main/AndroidManifest.xml:214:5-81
	android:name
		ADDED from src/main/AndroidManifest.xml:214:22-78
uses-permission#android.permission.ACCESS_COARSE_UPDATES
ADDED from src/main/AndroidManifest.xml:215:5-80
	android:name
		ADDED from src/main/AndroidManifest.xml:215:22-77
uses-permission#android.permission.ACCESS_WIFI_STATE
ADDED from src/main/AndroidManifest.xml:216:5-76
	android:name
		ADDED from src/main/AndroidManifest.xml:216:22-73
uses-permission#android.permission.CHANGE_WIFI_STATE
ADDED from src/main/AndroidManifest.xml:217:5-76
	android:name
		ADDED from src/main/AndroidManifest.xml:217:22-73
uses-permission#android.permission.ACCESS_FINE_LOCATION
ADDED from src/main/AndroidManifest.xml:218:5-79
	android:name
		ADDED from src/main/AndroidManifest.xml:218:22-76
uses-permission#android.permission.ACCESS_LOCATION_EXTRA_COMMANDS
ADDED from src/main/AndroidManifest.xml:219:5-89
	android:name
		ADDED from src/main/AndroidManifest.xml:219:22-86
uses-permission#android.permission.CHANGE_NETWORK_STATE
ADDED from src/main/AndroidManifest.xml:220:5-79
	android:name
		ADDED from src/main/AndroidManifest.xml:220:22-76
uses-permission#android.permission.GET_TASKS
ADDED from src/main/AndroidManifest.xml:224:5-68
	android:name
		ADDED from src/main/AndroidManifest.xml:224:22-65
uses-permission#android.permission.MANAGE_ACCOUNTS
ADDED from src/main/AndroidManifest.xml:233:5-74
	android:name
		ADDED from src/main/AndroidManifest.xml:233:22-71
uses-permission#android.permission.GET_ACCOUNTS
ADDED from src/main/AndroidManifest.xml:234:5-71
	android:name
		ADDED from src/main/AndroidManifest.xml:234:22-68
uses-permission#android.permission.BLUETOOTH
ADDED from src/main/AndroidManifest.xml:236:5-68
	android:name
		ADDED from src/main/AndroidManifest.xml:236:22-65
uses-permission#android.permission.BLUETOOTH_ADMIN
ADDED from src/main/AndroidManifest.xml:237:5-74
	android:name
		ADDED from src/main/AndroidManifest.xml:237:22-71
uses-sdk
INJECTED from src/main/AndroidManifest.xml reason: use-sdk injection requested
MERGED from [com.android.support:appcompat-v7:23.0.1] AndroidManifest.xml:20:5-43
MERGED from [com.android.support:support-v4:23.0.1] AndroidManifest.xml:20:5-43
MERGED from [mzb-phone-app-android:circleimageview:unspecified] AndroidManifest.xml:5:5-7:41
MERGED from [mzb-phone-app-android:pulltorefresh:unspecified] AndroidManifest.xml:7:5-9:41
MERGED from [com.android.support:appcompat-v7:23.0.1] AndroidManifest.xml:20:5-43
MERGED from [com.android.support:support-v4:23.0.1] AndroidManifest.xml:20:5-43
	android:targetSdkVersion
		INJECTED from src/main/AndroidManifest.xml
		INJECTED from src/main/AndroidManifest.xml
	android:minSdkVersion
		INJECTED from src/main/AndroidManifest.xml
		INJECTED from src/main/AndroidManifest.xml